/home/james/mnt/rdm_adam/MachineLearning_ARC_Grant_work/20190809/Post1/Decon_output/
Image folder contains 324 files
c1-t123-et0491265_decon
c1-t161-et0644212_decon
c1-t164-et0656315_decon
c1-t179-et0716727_decon
c1-t250-et1002429_decon
c1-t152-et0608008_decon
c1-t207-et0829356_decon
c1-t177-et0708609_decon
c1-t284-et1139279_decon
c1-t150-et0599945_decon
c1-t257-et1030661_decon
c1-t277-et1111185_decon
c1-t041-et0161247_decon
c1-t156-et0624085_decon
c1-t110-et0438961_decon
c1-t223-et0893755_decon
c1-t226-et0905830_decon
c1-t086-et0342342_decon
c1-t094-et0374543_decon
c1-t010-et0036447_decon
c1-t165-et0660309_decon
c1-t155-et0620065_decon
c1-t107-et0426910_decon
c1-t269-et1078901_decon
c1-t090-et0358460_decon
c1-t114-et0455067_decon
c1-t059-et0233668_decon
c1-t104-et0414791_decon
c1-t044-et0173296_decon
c1-t283-et1135250_decon
c1-t146-et0583837_decon
c1-t124-et0495349_decon
c1-t261-et1046702_decon
c1-t052-et0205495_decon
c1-t195-et0781081_decon
c1-t209-et0837406_decon
c1-t166-et0664376_decon
c1-t040-et0157196_decon
c1-t007-et0024372_decon
c1-t019-et0072671_decon
c1-t127-et0507383_decon
c1-t060-et0237701_decon
c1-t162-et0648238_decon
c1-t045-et0177323_decon
c1-t275-et1103054_decon
c1-t188-et0752883_decon
c1-t105-et0418816_decon
c1-t046-et0181392_decon
c1-t182-et0728738_decon
c1-t099-et0394666_decon
c1-t129-et0515420_decon
c1-t211-et0845493_decon
c1-t278-et1115130_decon
c1-t112-et0446990_decon
c1-t181-et0724708_decon
c1-t138-et0551641_decon
c1-t216-et0865628_decon
c1-t299-et1199649_decon
c1-t001-et0000000_decon
c1-t171-et0684485_decon
c1-t089-et0354475_decon
c1-t064-et0253792_decon
c1-t189-et0756911_decon
c1-t276-et1107075_decon
c1-t154-et0616048_decon
c1-t087-et0346380_decon
c1-t272-et1090977_decon
c1-t043-et0169272_decon
c1-t140-et0559692_decon
c1-t245-et0982351_decon
c1-t028-et0108896_decon
c1-t247-et0990383_decon
c1-t231-et0925958_decon
c1-t170-et0680439_decon
c1-t014-et0052546_decon
c1-t294-et1179532_decon
c1-t137-et0547616_decon
c1-t091-et0362467_decon
c1-t288-et1155374_decon
c1-t203-et0813261_decon
c1-t273-et1095011_decon
c1-t280-et1123255_decon
c1-t268-et1074908_decon
c1-t027-et0104973_decon
c1-t031-et0120971_decon
c1-t153-et0612033_decon
c1-t083-et0330281_decon
c1-t025-et0096821_decon
c1-t079-et0314166_decon
c1-t184-et0736788_decon
c1-t095-et0378569_decon
c1-t255-et1022565_decon
c1-t258-et1034688_decon
c1-t021-et0080728_decon
c1-t072-et0285992_decon
c1-t130-et0519456_decon
c1-t217-et0869625_decon
c1-t239-et0958171_decon
c1-t159-et0636165_decon
c1-t224-et0897837_decon
c1-t131-et0523466_decon
c1-t080-et0318198_decon
c1-t235-et0942058_decon
c1-t212-et0849530_decon
c1-t133-et0531560_decon
c1-t034-et0133046_decon
c1-t102-et0406740_decon
c1-t139-et0555731_decon
c1-t173-et0692509_decon
c1-t282-et1131225_decon
c1-t051-et0201469_decon
c1-t032-et0125010_decon
c1-t147-et0587863_decon
c1-t068-et0269892_decon
c1-t229-et0917904_decon
c1-t038-et0149145_decon
c1-t004-et0012299_decon
c1-t295-et1183550_decon
c1-t054-et0213559_decon
c1-t053-et0209530_decon
c1-t042-et0165244_decon
c1-t200-et0801207_decon
c1-t243-et0974254_decon
c1-t103-et0410806_decon
c1-t048-et0189478_decon
c1-t039-et0153169_decon
c1-t126-et0503342_decon
c1-t168-et0672393_decon
c1-t201-et0805206_decon
c1-t115-et0459087_decon
c1-t006-et0020348_decon
c1-t081-et0322218_decon
c1-t265-et1062803_decon
c1-t225-et0901804_decon
c1-t063-et0249769_decon
c1-t176-et0704631_decon
c1-t018-et0068732_decon
c1-t220-et0881680_decon
c1-t175-et0700558_decon
c1-t198-et0793134_decon
c1-t067-et0265867_decon
c1-t238-et0954130_decon
c1-t145-et0579908_decon
c1-t240-et0962178_decon
c1-t252-et1010478_decon
c1-t011-et0040473_decon
c1-t108-et0430893_decon
c1-t096-et0382593_decon
c1-t136-et0543592_decon
c1-t194-et0777032_decon
c1-t237-et0950109_decon
c1-t169-et0676463_decon
c1-t290-et1163424_decon
c1-t180-et0720728_decon
c1-t097-et0386616_decon
c1-t274-et1099027_decon
c1-t148-et0591895_decon
c1-t037-et0145120_decon
c1-t047-et0185426_decon
c1-t232-et0929988_decon
c1-t287-et1151351_decon
c1-t015-et0056577_decon
c1-t292-et1171475_decon
c1-t296-et1187668_decon
c1-t149-et0595911_decon
c1-t241-et0966204_decon
c1-t167-et0668360_decon
c1-t101-et0402768_decon
c1-t116-et0463106_decon
c1-t213-et0853506_decon
c1-t020-et0076696_decon
c1-t120-et0479190_decon
c1-t026-et0100863_decon
c1-t204-et0817281_decon
c1-t075-et0298078_decon
c1-t113-et0451015_decon
c1-t012-et0044496_decon
c1-t093-et0370615_decon
c1-t151-et0603960_decon
c1-t246-et0986328_decon
c1-t118-et0471142_decon
c1-t125-et0499317_decon
c1-t253-et1014502_decon
c1-t301-et1207700_decon
c1-t186-et0744845_decon
c1-t005-et0016322_decon
c1-t023-et0088771_decon
c1-t227-et0909951_decon
c1-t183-et0732805_decon
c1-t134-et0535541_decon
c1-t141-et0563725_decon
c1-t016-et0060598_decon
c1-t098-et0390710_decon
c1-t013-et0048521_decon
c1-t230-et0921952_decon
c1-t029-et0112922_decon
c1-t084-et0334342_decon
c1-t056-et0221640_decon
c1-t289-et1159401_decon
c1-t158-et0632139_decon
c1-t117-et0467118_decon
c1-t249-et0998404_decon
c1-t270-et1082926_decon
c1-t008-et0028397_decon
c1-t017-et0064664_decon
c1-t271-et1086953_decon
c1-t061-et0241720_decon
c1-t228-et0913881_decon
c1-t222-et0889764_decon
c1-t071-et0281972_decon
c1-t076-et0302093_decon
c1-t132-et0527490_decon
c1-t121-et0483257_decon
c1-t256-et1026577_decon
c1-t205-et0821339_decon
c1-t286-et1147325_decon
c1-t214-et0857531_decon
c1-t293-et1175549_decon
c1-t234-et0938029_decon
c1-t259-et1038652_decon
c1-t085-et0338317_decon
c1-t298-et1195658_decon
c1-t185-et0740810_decon
c1-t077-et0306164_decon
c1-t142-et0567745_decon
c1-t058-et0229669_decon
c1-t135-et0539610_decon
c1-t215-et0861640_decon
c1-t143-et0571792_decon
c1-t263-et1054751_decon
c1-t065-et0257823_decon
c1-t128-et0511455_decon
c1-t191-et0764959_decon
c1-t300-et1203700_decon
c1-t055-et0217573_decon
c1-t178-et0712635_decon
c1-t035-et0137071_decon
c1-t267-et1070853_decon
c1-t062-et0245743_decon
c1-t049-et0193420_decon
c1-t190-et0760933_decon
c1-t070-et0277942_decon
c1-t036-et0141095_decon
c1-t251-et1006453_decon
c1-t248-et0994379_decon
c1-t233-et0934007_decon
c1-t078-et0310141_decon
c1-t160-et0640185_decon
c1-t192-et0768984_decon
c1-t260-et1042677_decon
c1-t002-et0004247_decon
c1-t119-et0475163_decon
c1-t291-et1167450_decon
c1-t262-et1050730_decon
c1-t033-et0129079_decon
c1-t196-et0785086_decon
c1-t157-et0628119_decon
c1-t254-et1018528_decon
c1-t122-et0487238_decon
c1-t187-et0748864_decon
c1-t109-et0434914_decon
c1-t100-et0398691_decon
c1-t197-et0789145_decon
c1-t172-et0688485_decon
c1-t163-et0652323_decon
c1-t221-et0885705_decon
c1-t244-et0978278_decon
c1-t199-et0797200_decon
c1-t281-et1127221_decon
c1-t074-et0294042_decon
c1-t218-et0873630_decon
c1-t003-et0008273_decon
c1-t219-et0877655_decon
c1-t285-et1143315_decon
c1-t264-et1058793_decon
c1-t297-et1191640_decon
c1-t106-et0422851_decon
c1-t073-et0290018_decon
c1-t050-et0197445_decon
c1-t009-et0032422_decon
c1-t193-et0773010_decon
c1-t208-et0833381_decon
c1-t266-et1066826_decon
c1-t092-et0366493_decon
c1-t210-et0841433_decon
c1-t236-et0946118_decon
c1-t111-et0442965_decon
c1-t144-et0575787_decon
c1-t022-et0084747_decon
c1-t066-et0261842_decon
c1-t082-et0326244_decon
c1-t242-et0970229_decon
c1-t088-et0350402_decon
c1-t174-et0696584_decon
c1-t030-et0116982_decon
c1-t069-et0273918_decon
c1-t024-et0092844_decon
c1-t206-et0825336_decon
c1-t279-et1119156_decon
c1-t202-et0809232_decon
c1-t057-et0225671_decon
[c1-t001-et0000000_decon, c1-t002-et0004247_decon]
Opening /home/james/mnt/rdm_adam/MachineLearning_ARC_Grant_work/20190809/Post1/Decon_output/c1-t001-et0000000_decon.tif
[610, 780, 1, 151, 1]
0
saving to: /home/james/image_data/visualiser/20190809_pre2/deconv/c1-t001-et0000000_decon/
Opening /home/james/mnt/rdm_adam/MachineLearning_ARC_Grant_work/20190809/Post1/Decon_output/c1-t002-et0004247_decon.tif
[610, 780, 1, 151, 1]
0
saving to: /home/james/image_data/visualiser/20190809_pre2/deconv/c1-t002-et0004247_decon/
Opening /home/james/mnt/rdm_adam/MachineLearning_ARC_Grant_work/20190809/Post1/segmentation/d18_intAdj_rep1ds1gd_rf/segmented/c1-t001-et0000000_decon_seg_d18_rep1ds1gd_rf.tif
[610, 780, 1, 151, 1]
0
saving to: /home/james/image_data/visualiser/20190809_pre2/d18_intAdj_rep1ds1gd_rf/segmented/c1-t001-et0000000_decon/
Opening /home/james/mnt/rdm_adam/MachineLearning_ARC_Grant_work/20190809/Post1/segmentation/d18_intAdj_rep1ds1gd_rf/segmented/c1-t002-et0004247_decon_seg_d18_rep1ds1gd_rf.tif
[610, 780, 1, 151, 1]
0
saving to: /home/james/image_data/visualiser/20190809_pre2/d18_intAdj_rep1ds1gd_rf/segmented/c1-t002-et0004247_decon/
opening /home/james/mnt/rdm_adam/MachineLearning_ARC_Grant_work/20190809/Post1/segmentation/d18_intAdj_rep1ds1gd_rf/probability_maps/c1-t001-et0000000_decon_prob_d18_rep1ds1gd_rf.tif
[610, 780, 1, 151, 1]
1
saving to: /home/james/image_data/visualiser/20190809_pre2/d18_intAdj_rep1ds1gd_rf/probability_maps/c1-t001-et0000000_decon/
opening /home/james/mnt/rdm_adam/MachineLearning_ARC_Grant_work/20190809/Post1/segmentation/d18_intAdj_rep1ds1gd_rf/probability_maps/c1-t002-et0004247_decon_prob_d18_rep1ds1gd_rf.tif
[610, 780, 1, 151, 1]
1
saving to: /home/james/image_data/visualiser/20190809_pre2/d18_intAdj_rep1ds1gd_rf/probability_maps/c1-t002-et0004247_decon/
done
